[debug] [2021-11-13T13:27:07.756Z] ----------------------------------------------------------------------
[debug] [2021-11-13T13:27:07.760Z] Command:       /home/rahul/.nvm/versions/node/v14.17.3/bin/node /home/rahul/.nvm/versions/node/v14.17.3/bin/firebase emulators:start
[debug] [2021-11-13T13:27:07.761Z] CLI Version:   9.22.0
[debug] [2021-11-13T13:27:07.761Z] Platform:      linux
[debug] [2021-11-13T13:27:07.761Z] Node Version:  v14.17.3
[debug] [2021-11-13T13:27:07.767Z] Time:          Sat Nov 13 2021 18:57:07 GMT+0530 (India Standard Time)
[debug] [2021-11-13T13:27:07.768Z] ----------------------------------------------------------------------
[debug] 
[debug] [2021-11-13T13:27:07.882Z] > command requires scopes: ["email","openid","https://www.googleapis.com/auth/cloudplatformprojects.readonly","https://www.googleapis.com/auth/firebase","https://www.googleapis.com/auth/cloud-platform"]
[debug] [2021-11-13T13:27:07.883Z] > authorizing via signed-in user (rahulsharma15j@gmail.com)
[info] i  emulators: Starting emulators: functions, hosting {"metadata":{"emulator":{"name":"hub"},"message":"Starting emulators: functions, hosting"}}
[debug] [2021-11-13T13:27:07.958Z] [hub] writing locator at /tmp/hub-challenge-e7a2f.json
[warn] ⚠  functions: The following emulators are not running, calls to these services from the Functions emulator will affect production: auth, firestore, database, pubsub, storage {"metadata":{"emulator":{"name":"functions"},"message":"The following emulators are not running, calls to these services from the Functions emulator will affect production: \u001b[1mauth, firestore, database, pubsub, storage\u001b[22m"}}
[info] ✔  functions: Using node@14 from host. {"metadata":{"emulator":{"name":"functions"},"message":"Using node@14 from host."}}
[debug] [2021-11-13T13:27:08.037Z] defaultcredentials: writing to file /home/rahul/.config/firebase/rahulsharma15j_gmail_com_application_default_credentials.json
[debug] [2021-11-13T13:27:08.045Z] Setting GAC to /home/rahul/.config/firebase/rahulsharma15j_gmail_com_application_default_credentials.json {"metadata":{"emulator":{"name":"functions"},"message":"Setting GAC to /home/rahul/.config/firebase/rahulsharma15j_gmail_com_application_default_credentials.json"}}
[debug] [2021-11-13T13:27:08.058Z] >>> [apiv2][query] GET https://firebase.googleapis.com/v1beta1/projects/challenge-e7a2f/adminSdkConfig [none]
[debug] [2021-11-13T13:27:09.012Z] <<< [apiv2][status] GET https://firebase.googleapis.com/v1beta1/projects/challenge-e7a2f/adminSdkConfig 200
[debug] [2021-11-13T13:27:09.013Z] <<< [apiv2][body] GET https://firebase.googleapis.com/v1beta1/projects/challenge-e7a2f/adminSdkConfig {"projectId":"challenge-e7a2f","storageBucket":"challenge-e7a2f.appspot.com"}
[debug] [2021-11-13T13:27:09.035Z] >>> [apiv2][query] GET https://firebasehosting.googleapis.com/v1beta1/projects/challenge-e7a2f/sites 
[debug] [2021-11-13T13:27:11.248Z] <<< [apiv2][status] GET https://firebasehosting.googleapis.com/v1beta1/projects/challenge-e7a2f/sites 200
[debug] [2021-11-13T13:27:11.250Z] <<< [apiv2][body] GET https://firebasehosting.googleapis.com/v1beta1/projects/challenge-e7a2f/sites {"sites":[{"name":"projects/502360814696/sites/challenge-e7a2f","defaultUrl":"https://challenge-e7a2f.web.app","appId":"1:502360814696:web:4ad234cfa82ab850b937dd","type":"DEFAULT_SITE"}]}
[debug] [2021-11-13T13:27:11.252Z] >>> [apiv2][query] GET https://firebase.googleapis.com/v1beta1/projects/challenge-e7a2f/webApps/1:502360814696:web:4ad234cfa82ab850b937dd/config [none]
[debug] [2021-11-13T13:27:12.872Z] <<< [apiv2][status] GET https://firebase.googleapis.com/v1beta1/projects/challenge-e7a2f/webApps/1:502360814696:web:4ad234cfa82ab850b937dd/config 200
[debug] [2021-11-13T13:27:12.872Z] <<< [apiv2][body] GET https://firebase.googleapis.com/v1beta1/projects/challenge-e7a2f/webApps/1:502360814696:web:4ad234cfa82ab850b937dd/config {"projectId":"challenge-e7a2f","appId":"1:502360814696:web:4ad234cfa82ab850b937dd","storageBucket":"challenge-e7a2f.appspot.com","apiKey":"AIzaSyBuHYqkd8FoR4dbs-pq98CFATi276TJf34","authDomain":"challenge-e7a2f.firebaseapp.com","messagingSenderId":"502360814696","measurementId":"G-3JRZSV8QB0"}
[info] i  hosting: Serving hosting files from: build {"metadata":{"emulator":{"name":"hosting"},"message":"Serving hosting files from: \u001b[1mbuild\u001b[22m"}}
[info] ✔  hosting: Local server: http://localhost:5000 {"metadata":{"emulator":{"name":"hosting"},"message":"Local server: \u001b[4m\u001b[1mhttp://localhost:5000\u001b[22m\u001b[24m"}}
[debug] [2021-11-13T13:27:12.931Z] Ignoring unsupported arg: auto_download {"metadata":{"emulator":{"name":"ui"},"message":"Ignoring unsupported arg: auto_download"}}
[debug] [2021-11-13T13:27:12.935Z] Ignoring unsupported arg: port {"metadata":{"emulator":{"name":"ui"},"message":"Ignoring unsupported arg: port"}}
[debug] [2021-11-13T13:27:12.936Z] Starting Emulator UI with command {"binary":"node","args":["/home/rahul/.cache/firebase/emulators/ui-v1.6.4/server.bundle.js"],"optionalArgs":[],"joinArgs":false} {"metadata":{"emulator":{"name":"ui"},"message":"Starting Emulator UI with command {\"binary\":\"node\",\"args\":[\"/home/rahul/.cache/firebase/emulators/ui-v1.6.4/server.bundle.js\"],\"optionalArgs\":[],\"joinArgs\":false}"}}
[info] i  ui: Emulator UI logging to ui-debug.log {"metadata":{"emulator":{"name":"ui"},"message":"Emulator UI logging to \u001b[1mui-debug.log\u001b[22m"}}
[debug] [2021-11-13T13:27:13.249Z] Web / API server started at localhost:4000
 {"metadata":{"emulator":{"name":"ui"},"message":"Web / API server started at localhost:4000\n"}}
[info] i  functions: Watching "/media/rahul/E09C8D479C8D18E4/Rahul/projects/amazon_clone/amazon-clone/functions" for Cloud Functions... {"metadata":{"emulator":{"name":"functions"},"message":"Watching \"/media/rahul/E09C8D479C8D18E4/Rahul/projects/amazon_clone/amazon-clone/functions\" for Cloud Functions..."}}
[debug] [2021-11-13T13:27:13.540Z] [worker-pool] addWorker(~diagnostic~) {"metadata":{"emulator":{"name":"functions"},"message":"[worker-pool] addWorker(~diagnostic~)"}}
[debug] [2021-11-13T13:27:13.542Z] [worker-pool] Adding worker with key ~diagnostic~, total=1 {"metadata":{"emulator":{"name":"functions"},"message":"[worker-pool] Adding worker with key ~diagnostic~, total=1"}}
[debug] [2021-11-13T13:27:13.543Z] [worker-pool] submitWork(triggerId=) {"metadata":{"emulator":{"name":"functions"},"message":"[worker-pool] submitWork(triggerId=)"}}
[debug] [2021-11-13T13:27:13.548Z] [worker-~diagnostic~-e36ff072-1b43-439f-8c17-d5303ee3d02c]: Assigning socketPath: /tmp/fire_emu_110014.sock {"metadata":{"emulator":{"name":"functions"},"message":"[worker-~diagnostic~-e36ff072-1b43-439f-8c17-d5303ee3d02c]: Assigning socketPath: /tmp/fire_emu_110014.sock"}}
[debug] [2021-11-13T13:27:13.550Z] [worker-~diagnostic~-e36ff072-1b43-439f-8c17-d5303ee3d02c]: BUSY {"metadata":{"emulator":{"name":"functions"},"message":"[worker-~diagnostic~-e36ff072-1b43-439f-8c17-d5303ee3d02c]: BUSY"}}
[debug] [2021-11-13T13:27:14.014Z] [runtime-status] [110014] Functions runtime initialized. {"cwd":"/media/rahul/E09C8D479C8D18E4/Rahul/projects/amazon_clone/amazon-clone/functions","node_version":"14.17.3"} {"metadata":{"emulator":{"name":"functions"},"message":"[runtime-status] [110014] Functions runtime initialized. {\"cwd\":\"/media/rahul/E09C8D479C8D18E4/Rahul/projects/amazon_clone/amazon-clone/functions\",\"node_version\":\"14.17.3\"}"}}
[debug] [2021-11-13T13:27:14.017Z] [runtime-status] [110014] Disabled runtime features: undefined {"metadata":{"emulator":{"name":"functions"},"message":"[runtime-status] [110014] Disabled runtime features: undefined"}}
[debug] [2021-11-13T13:27:14.036Z] [runtime-status] [110014] Resolved module firebase-admin {"declared":true,"installed":true,"version":"9.12.0","resolution":"/media/rahul/E09C8D479C8D18E4/Rahul/projects/amazon_clone/amazon-clone/functions/node_modules/firebase-admin/lib/index.js"} {"metadata":{"emulator":{"name":"functions"},"message":"[runtime-status] [110014] Resolved module firebase-admin {\"declared\":true,\"installed\":true,\"version\":\"9.12.0\",\"resolution\":\"/media/rahul/E09C8D479C8D18E4/Rahul/projects/amazon_clone/amazon-clone/functions/node_modules/firebase-admin/lib/index.js\"}"}}
[debug] [2021-11-13T13:27:14.053Z] [runtime-status] [110014] Resolved module firebase-functions {"declared":true,"installed":true,"version":"3.16.0","resolution":"/media/rahul/E09C8D479C8D18E4/Rahul/projects/amazon_clone/amazon-clone/functions/node_modules/firebase-functions/lib/index.js"} {"metadata":{"emulator":{"name":"functions"},"message":"[runtime-status] [110014] Resolved module firebase-functions {\"declared\":true,\"installed\":true,\"version\":\"3.16.0\",\"resolution\":\"/media/rahul/E09C8D479C8D18E4/Rahul/projects/amazon_clone/amazon-clone/functions/node_modules/firebase-functions/lib/index.js\"}"}}
[debug] [2021-11-13T13:27:14.061Z] [runtime-status] [110014] Outgoing network have been stubbed. [{"name":"http","status":"mocked"},{"name":"http","status":"mocked"},{"name":"https","status":"mocked"},{"name":"https","status":"mocked"},{"name":"net","status":"mocked"}] {"metadata":{"emulator":{"name":"functions"},"message":"[runtime-status] [110014] Outgoing network have been stubbed. [{\"name\":\"http\",\"status\":\"mocked\"},{\"name\":\"http\",\"status\":\"mocked\"},{\"name\":\"https\",\"status\":\"mocked\"},{\"name\":\"https\",\"status\":\"mocked\"},{\"name\":\"net\",\"status\":\"mocked\"}]"}}
[debug] [2021-11-13T13:27:14.070Z] [runtime-status] [110014] Resolved module firebase-functions {"declared":true,"installed":true,"version":"3.16.0","resolution":"/media/rahul/E09C8D479C8D18E4/Rahul/projects/amazon_clone/amazon-clone/functions/node_modules/firebase-functions/lib/index.js"} {"metadata":{"emulator":{"name":"functions"},"message":"[runtime-status] [110014] Resolved module firebase-functions {\"declared\":true,\"installed\":true,\"version\":\"3.16.0\",\"resolution\":\"/media/rahul/E09C8D479C8D18E4/Rahul/projects/amazon_clone/amazon-clone/functions/node_modules/firebase-functions/lib/index.js\"}"}}
[debug] [2021-11-13T13:27:14.337Z] [runtime-status] [110014] Checked functions.config() {"config":{}} {"metadata":{"emulator":{"name":"functions"},"message":"[runtime-status] [110014] Checked functions.config() {\"config\":{}}"}}
[debug] [2021-11-13T13:27:14.338Z] [runtime-status] [110014] firebase-functions has been stubbed. {"functionsResolution":{"declared":true,"installed":true,"version":"3.16.0","resolution":"/media/rahul/E09C8D479C8D18E4/Rahul/projects/amazon_clone/amazon-clone/functions/node_modules/firebase-functions/lib/index.js"}} {"metadata":{"emulator":{"name":"functions"},"message":"[runtime-status] [110014] firebase-functions has been stubbed. {\"functionsResolution\":{\"declared\":true,\"installed\":true,\"version\":\"3.16.0\",\"resolution\":\"/media/rahul/E09C8D479C8D18E4/Rahul/projects/amazon_clone/amazon-clone/functions/node_modules/firebase-functions/lib/index.js\"}}"}}
[debug] [2021-11-13T13:27:14.347Z] [runtime-status] [110014] Resolved module firebase-functions {"declared":true,"installed":true,"version":"3.16.0","resolution":"/media/rahul/E09C8D479C8D18E4/Rahul/projects/amazon_clone/amazon-clone/functions/node_modules/firebase-functions/lib/index.js"} {"metadata":{"emulator":{"name":"functions"},"message":"[runtime-status] [110014] Resolved module firebase-functions {\"declared\":true,\"installed\":true,\"version\":\"3.16.0\",\"resolution\":\"/media/rahul/E09C8D479C8D18E4/Rahul/projects/amazon_clone/amazon-clone/functions/node_modules/firebase-functions/lib/index.js\"}"}}
[debug] [2021-11-13T13:27:14.366Z] [runtime-status] [110014] Resolved module firebase-admin {"declared":true,"installed":true,"version":"9.12.0","resolution":"/media/rahul/E09C8D479C8D18E4/Rahul/projects/amazon_clone/amazon-clone/functions/node_modules/firebase-admin/lib/index.js"} {"metadata":{"emulator":{"name":"functions"},"message":"[runtime-status] [110014] Resolved module firebase-admin {\"declared\":true,\"installed\":true,\"version\":\"9.12.0\",\"resolution\":\"/media/rahul/E09C8D479C8D18E4/Rahul/projects/amazon_clone/amazon-clone/functions/node_modules/firebase-admin/lib/index.js\"}"}}
[debug] [2021-11-13T13:27:14.376Z] [runtime-status] [110014] Resolved module firebase-functions {"declared":true,"installed":true,"version":"3.16.0","resolution":"/media/rahul/E09C8D479C8D18E4/Rahul/projects/amazon_clone/amazon-clone/functions/node_modules/firebase-functions/lib/index.js"} {"metadata":{"emulator":{"name":"functions"},"message":"[runtime-status] [110014] Resolved module firebase-functions {\"declared\":true,\"installed\":true,\"version\":\"3.16.0\",\"resolution\":\"/media/rahul/E09C8D479C8D18E4/Rahul/projects/amazon_clone/amazon-clone/functions/node_modules/firebase-functions/lib/index.js\"}"}}
[debug] [2021-11-13T13:27:14.377Z] [runtime-status] [110014] firebase-admin has been stubbed. {"adminResolution":{"declared":true,"installed":true,"version":"9.12.0","resolution":"/media/rahul/E09C8D479C8D18E4/Rahul/projects/amazon_clone/amazon-clone/functions/node_modules/firebase-admin/lib/index.js"}} {"metadata":{"emulator":{"name":"functions"},"message":"[runtime-status] [110014] firebase-admin has been stubbed. {\"adminResolution\":{\"declared\":true,\"installed\":true,\"version\":\"9.12.0\",\"resolution\":\"/media/rahul/E09C8D479C8D18E4/Rahul/projects/amazon_clone/amazon-clone/functions/node_modules/firebase-admin/lib/index.js\"}}"}}
[info] ✔  functions[us-central1-api]: http function initialized (http://localhost:5001/challenge-e7a2f/us-central1/api). {"metadata":{"emulator":{"name":"functions"},"message":"\u001b[1mhttp\u001b[22m function initialized (http://localhost:5001/challenge-e7a2f/us-central1/api)."}}
[info] 
┌─────────────────────────────────────────────────────────────┐
│ ✔  All emulators ready! It is now safe to connect your app. │
│ i  View Emulator UI at http://localhost:4000                │
└─────────────────────────────────────────────────────────────┘

┌───────────┬────────────────┬─────────────────────────────────┐
│ Emulator  │ Host:Port      │ View in Emulator UI             │
├───────────┼────────────────┼─────────────────────────────────┤
│ Functions │ localhost:5001 │ http://localhost:4000/functions │
├───────────┼────────────────┼─────────────────────────────────┤
│ Hosting   │ localhost:5000 │ n/a                             │
└───────────┴────────────────┴─────────────────────────────────┘
  Emulator Hub running at localhost:4400
  Other reserved ports: 4500

Issues? Report them at https://github.com/firebase/firebase-tools/issues and attach the *-debug.log files.
 
[debug] [2021-11-13T13:27:15.754Z] [worker-~diagnostic~-e36ff072-1b43-439f-8c17-d5303ee3d02c]: IDLE {"metadata":{"emulator":{"name":"functions"},"message":"[worker-~diagnostic~-e36ff072-1b43-439f-8c17-d5303ee3d02c]: IDLE"}}
